2025-06-04 12:42:33,631 - INFO - Description box clicked, ready to enter description.
2025-06-04 12:42:42,599 - INFO - Found ['mahito-sukuna.mp4'] video files in the current folder.
2025-06-04 12:42:52,678 - INFO - Video file D:\FreelanceProjects\Upwork\Jacky Yu\Youtube_upload_auto\mahito-sukuna.mp4 path sent for upload.
2025-06-04 12:43:45,983 - INFO - Description box clicked, ready to enter description.
2025-06-04 12:48:53,406 - INFO - Found ['mahito-sukuna.mp4'] video files in the current folder.
2025-06-04 12:49:03,209 - INFO - Video file D:\FreelanceProjects\Upwork\Jacky Yu\Youtube_upload_auto\mahito-sukuna.mp4 path sent for upload.
2025-06-04 12:49:23,944 - INFO - Monetization step not detected, skipping...
2025-06-04 12:49:55,403 - INFO - Video file mahito-sukuna.mp4 uploaded successfully.
2025-06-04 12:49:55,405 - INFO - Video file mahito-sukuna.mp4 deleted successfully.
2025-06-04 12:50:55,274 - INFO - Found ['Screen Recording 2025-06-01 222302.mp4'] video files in the current folder.
2025-06-04 12:51:05,041 - INFO - Video file D:\FreelanceProjects\Upwork\Jacky Yu\Youtube_upload_auto\Screen Recording 2025-06-01 222302.mp4 path sent for upload.
2025-06-04 12:51:25,527 - INFO - Monetization step not detected, skipping...
2025-06-04 12:55:57,740 - INFO - Description box clicked, ready to enter description.
2025-06-04 12:56:12,862 - INFO - Save button not clickable. No changes made.
2025-06-04 12:57:00,472 - INFO - Found ['Screen Recording 2025-06-01 222302.mp4'] video files in the current folder.
2025-06-04 12:57:08,635 - INFO - Video file D:\FreelanceProjects\Upwork\Jacky Yu\Youtube_upload_auto\Screen Recording 2025-06-01 222302.mp4 path sent for upload.
2025-06-04 12:58:17,712 - INFO - Description box clicked, ready to enter description.
2025-06-04 12:58:32,558 - INFO - Save button not clickable. No changes made.
2025-06-04 13:03:39,236 - INFO - Found ['Screen Recording 2025-06-01 222302.mp4'] video files in the current folder.
2025-06-04 13:03:47,496 - INFO - Video file D:\FreelanceProjects\Upwork\Jacky Yu\Youtube_upload_auto\Screen Recording 2025-06-01 222302.mp4 path sent for upload.
2025-06-04 13:04:08,386 - INFO - Monetization step not detected, skipping...
2025-06-04 13:08:50,904 - INFO - Video file Screen Recording 2025-06-01 222302.mp4 uploaded successfully.
2025-06-04 13:08:50,995 - INFO - Video file Screen Recording 2025-06-01 222302.mp4 deleted successfully.
2025-06-04 13:13:53,099 - INFO - Found [] video files in the current folder.
2025-06-04 13:13:53,099 - INFO - No video files found in the current folder.
2025-06-04 13:18:53,179 - INFO - Found [] video files in the current folder.
2025-06-04 13:18:53,179 - INFO - No video files found in the current folder.
2025-06-04 13:23:53,209 - INFO - Found [] video files in the current folder.
2025-06-04 13:23:53,209 - INFO - No video files found in the current folder.
2025-06-04 13:28:53,259 - INFO - Found [] video files in the current folder.
2025-06-04 13:28:53,259 - INFO - No video files found in the current folder.
2025-06-04 13:33:53,314 - INFO - Found [] video files in the current folder.
2025-06-04 13:33:53,314 - INFO - No video files found in the current folder.
2025-06-04 13:38:53,412 - INFO - Found [] video files in the current folder.
2025-06-04 13:38:53,414 - INFO - No video files found in the current folder.
2025-06-04 13:43:53,465 - INFO - Found [] video files in the current folder.
2025-06-04 13:43:53,466 - INFO - No video files found in the current folder.
2025-06-04 13:48:53,468 - INFO - Found [] video files in the current folder.
2025-06-04 13:48:53,468 - INFO - No video files found in the current folder.
2025-06-04 13:53:53,504 - INFO - Found [] video files in the current folder.
2025-06-04 13:53:53,504 - INFO - No video files found in the current folder.
2025-06-04 13:58:53,545 - INFO - Found [] video files in the current folder.
2025-06-04 13:58:53,545 - INFO - No video files found in the current folder.
2025-06-04 14:03:53,571 - INFO - Found [] video files in the current folder.
2025-06-04 14:03:53,571 - INFO - No video files found in the current folder.
2025-06-04 14:08:53,588 - INFO - Found [] video files in the current folder.
2025-06-04 14:08:53,589 - INFO - No video files found in the current folder.
2025-06-04 14:13:53,635 - INFO - Found [] video files in the current folder.
2025-06-04 14:13:53,635 - INFO - No video files found in the current folder.
2025-06-04 14:18:53,677 - INFO - Found [] video files in the current folder.
2025-06-04 14:18:53,677 - INFO - No video files found in the current folder.
2025-06-04 14:23:53,693 - INFO - Found [] video files in the current folder.
2025-06-04 14:23:53,695 - INFO - No video files found in the current folder.
2025-06-04 14:28:53,753 - INFO - Found [] video files in the current folder.
2025-06-04 14:28:53,753 - INFO - No video files found in the current folder.
2025-06-04 14:33:53,828 - INFO - Found [] video files in the current folder.
2025-06-04 14:33:53,828 - INFO - No video files found in the current folder.
2025-06-04 14:38:53,863 - INFO - Found [] video files in the current folder.
2025-06-04 14:38:53,863 - INFO - No video files found in the current folder.
2025-06-04 14:43:53,879 - INFO - Found [] video files in the current folder.
2025-06-04 14:43:53,879 - INFO - No video files found in the current folder.
2025-06-04 14:48:53,924 - INFO - Found [] video files in the current folder.
2025-06-04 14:48:53,926 - INFO - No video files found in the current folder.
2025-06-04 14:53:53,928 - INFO - Found [] video files in the current folder.
2025-06-04 14:53:53,928 - INFO - No video files found in the current folder.
